0 info it worked if it ends with ok
1 verbose cli [ '/usr/local/Cellar/node/4.2.1/bin/node',
1 verbose cli   '/usr/local/bin/npm',
1 verbose cli   'install',
1 verbose cli   '-g',
1 verbose cli   'http-server' ]
2 info using npm@2.14.7
3 info using node@v4.2.1
4 verbose install initial load of /usr/local/lib/package.json
5 verbose readDependencies loading dependencies from /usr/local/lib/package.json
6 silly cache add args [ 'http-server', null ]
7 verbose cache add spec http-server
8 silly cache add parsed spec Result {
8 silly cache add   raw: 'http-server',
8 silly cache add   scope: null,
8 silly cache add   name: 'http-server',
8 silly cache add   rawSpec: '',
8 silly cache add   spec: '*',
8 silly cache add   type: 'range' }
9 silly addNamed http-server@*
10 verbose addNamed "*" is a valid semver range for http-server
11 silly addNameRange { name: 'http-server', range: '*', hasData: false }
12 silly mapToRegistry name http-server
13 silly mapToRegistry using default registry
14 silly mapToRegistry registry https://registry.npmjs.org/
15 silly mapToRegistry uri https://registry.npmjs.org/http-server
16 verbose addNameRange registry:https://registry.npmjs.org/http-server not in flight; fetching
17 verbose request uri https://registry.npmjs.org/http-server
18 verbose request no auth needed
19 info attempt registry request try #1 at 10:58:29 AM
20 verbose request id 469b74ef5ee2ec49
21 verbose etag "CW2UNLJUBHWTN52K1LGV1BDGA"
22 http request GET https://registry.npmjs.org/http-server
23 http 304 https://registry.npmjs.org/http-server
24 verbose headers { date: 'Mon, 25 Jan 2016 17:58:30 GMT',
24 verbose headers   via: '1.1 varnish',
24 verbose headers   'cache-control': 'max-age=300',
24 verbose headers   etag: '"CW2UNLJUBHWTN52K1LGV1BDGA"',
24 verbose headers   age: '62',
24 verbose headers   connection: 'keep-alive',
24 verbose headers   'x-served-by': 'cache-dfw1820-DFW',
24 verbose headers   'x-cache': 'HIT',
24 verbose headers   'x-cache-hits': '1',
24 verbose headers   'x-timer': 'S1453744710.102552,VS0,VE0',
24 verbose headers   vary: 'Accept' }
25 silly get cb [ 304,
25 silly get   { date: 'Mon, 25 Jan 2016 17:58:30 GMT',
25 silly get     via: '1.1 varnish',
25 silly get     'cache-control': 'max-age=300',
25 silly get     etag: '"CW2UNLJUBHWTN52K1LGV1BDGA"',
25 silly get     age: '62',
25 silly get     connection: 'keep-alive',
25 silly get     'x-served-by': 'cache-dfw1820-DFW',
25 silly get     'x-cache': 'HIT',
25 silly get     'x-cache-hits': '1',
25 silly get     'x-timer': 'S1453744710.102552,VS0,VE0',
25 silly get     vary: 'Accept' } ]
26 verbose etag https://registry.npmjs.org/http-server from cache
27 verbose get saving http-server to /Users/iansmith/.npm/registry.npmjs.org/http-server/.cache.json
28 silly addNameRange number 2 { name: 'http-server', range: '*', hasData: true }
29 silly addNameRange versions [ 'http-server',
29 silly addNameRange   [ '0.1.0',
29 silly addNameRange     '0.1.1',
29 silly addNameRange     '0.1.3',
29 silly addNameRange     '0.2.1',
29 silly addNameRange     '0.2.2',
29 silly addNameRange     '0.2.3',
29 silly addNameRange     '0.2.4',
29 silly addNameRange     '0.2.5',
29 silly addNameRange     '0.2.6',
29 silly addNameRange     '0.2.9',
29 silly addNameRange     '0.3.0',
29 silly addNameRange     '0.4.0',
29 silly addNameRange     '0.4.1',
29 silly addNameRange     '0.5.0',
29 silly addNameRange     '0.5.1',
29 silly addNameRange     '0.5.2',
29 silly addNameRange     '0.5.3',
29 silly addNameRange     '0.5.5',
29 silly addNameRange     '0.6.0',
29 silly addNameRange     '0.6.1',
29 silly addNameRange     '0.7.0',
29 silly addNameRange     '0.7.1',
29 silly addNameRange     '0.7.2',
29 silly addNameRange     '0.7.3',
29 silly addNameRange     '0.7.4',
29 silly addNameRange     '0.7.5',
29 silly addNameRange     '0.8.0',
29 silly addNameRange     '0.8.1',
29 silly addNameRange     '0.8.2',
29 silly addNameRange     '0.8.3',
29 silly addNameRange     '0.8.4',
29 silly addNameRange     '0.8.5' ] ]
30 silly addNamed http-server@0.8.5
31 verbose addNamed "0.8.5" is a plain semver version for http-server
32 silly cache afterAdd http-server@0.8.5
33 verbose afterAdd /Users/iansmith/.npm/http-server/0.8.5/package/package.json not in flight; writing
34 verbose afterAdd /Users/iansmith/.npm/http-server/0.8.5/package/package.json written
35 silly install resolved [ { name: 'http-server',
35 silly install resolved     version: '0.8.5',
35 silly install resolved     description: 'A simple zero-configuration command-line http server',
35 silly install resolved     main: './lib/http-server',
35 silly install resolved     repository:
35 silly install resolved      { type: 'git',
35 silly install resolved        url: 'git://github.com/indexzero/http-server.git' },
35 silly install resolved     keywords: [ 'cli', 'command' ],
35 silly install resolved     scripts:
35 silly install resolved      { start: 'node ./bin/http-server',
35 silly install resolved        pretest: 'common bin/http-server lib/ test',
35 silly install resolved        test: 'vows --spec --isolate' },
35 silly install resolved     contributors:
35 silly install resolved      [ [Object],
35 silly install resolved        [Object],
35 silly install resolved        [Object],
35 silly install resolved        [Object],
35 silly install resolved        [Object],
35 silly install resolved        [Object],
35 silly install resolved        [Object],
35 silly install resolved        [Object],
35 silly install resolved        [Object],
35 silly install resolved        [Object] ],
35 silly install resolved     dependencies:
35 silly install resolved      { colors: '1.0.3',
35 silly install resolved        optimist: '0.6.x',
35 silly install resolved        union: '~0.4.3',
35 silly install resolved        ecstatic: '~0.7.0',
35 silly install resolved        'http-proxy': '^1.8.1',
35 silly install resolved        portfinder: '0.4.x',
35 silly install resolved        opener: '~1.4.0',
35 silly install resolved        corser: '~2.0.0' },
35 silly install resolved     devDependencies: { 'common-style': '^3.0.0', request: '2.49.x', vows: '0.7.x' },
35 silly install resolved     bugs: { url: 'https://github.com/nodeapps/http-server/issues' },
35 silly install resolved     license: 'MIT',
35 silly install resolved     preferGlobal: 'true',
35 silly install resolved     bin: { 'http-server': './bin/http-server', hs: './bin/http-server' },
35 silly install resolved     gitHead: 'b8975be281a5705e71218597940e53034ebe41d4',
35 silly install resolved     homepage: 'https://github.com/indexzero/http-server#readme',
35 silly install resolved     _id: 'http-server@0.8.5',
35 silly install resolved     _shasum: 'bbf27c9f09499e51a1fe1f979a6f39a45a04f2fb',
35 silly install resolved     _from: 'http-server@*',
35 silly install resolved     _npmVersion: '2.14.5',
35 silly install resolved     _nodeVersion: '0.12.7',
35 silly install resolved     _npmUser: { name: 'indexzero', email: 'charlie.robbins@gmail.com' },
35 silly install resolved     maintainers: [ [Object] ],
35 silly install resolved     dist:
35 silly install resolved      { shasum: 'bbf27c9f09499e51a1fe1f979a6f39a45a04f2fb',
35 silly install resolved        tarball: 'http://registry.npmjs.org/http-server/-/http-server-0.8.5.tgz' },
35 silly install resolved     directories: {},
35 silly install resolved     _resolved: 'https://registry.npmjs.org/http-server/-/http-server-0.8.5.tgz',
35 silly install resolved     readme: 'ERROR: No README data found!' } ]
36 info install http-server@0.8.5 into /usr/local/lib
37 info installOne http-server@0.8.5
38 verbose installOne of http-server to /usr/local/lib not in flight; installing
39 verbose lock using /Users/iansmith/.npm/_locks/http-server-ae30c9ae1f4c5eaa.lock for /usr/local/lib/node_modules/http-server
40 silly install write writing http-server 0.8.5 to /usr/local/lib/node_modules/http-server
41 verbose unbuild lib/node_modules/http-server
42 info preuninstall http-server@0.8.5
43 info uninstall http-server@0.8.5
44 verbose unbuild rmStuff http-server@0.8.5 from /usr/local/lib/node_modules
45 silly gentlyRm /usr/local/bin/http-server is being gently removed
46 silly gentlyRm verifying /usr/local is an npm working directory
47 silly gentlyRm /usr/local/bin/hs is being gently removed
48 silly gentlyRm verifying /usr/local is an npm working directory
49 silly gentlyRm containing path /usr/local is under npm's control, in /usr/local
50 silly gentlyRm deletion target /usr/local/bin/http-server is under /usr/local
51 verbose gentlyRm vacuuming from /usr/local/bin/http-server up to /usr/local
52 silly gentlyRm containing path /usr/local is under npm's control, in /usr/local
53 silly gentlyRm deletion target /usr/local/bin/hs is under /usr/local
54 verbose gentlyRm vacuuming from /usr/local/bin/hs up to /usr/local
55 info postuninstall http-server@0.8.5
56 silly gentlyRm /usr/local/lib/node_modules/http-server is being purged from base /usr/local
57 verbose gentlyRm don't care about contents; nuking /usr/local/lib/node_modules/http-server
58 silly vacuum-fs purging /usr/local/lib/node_modules/http-server
59 verbose unlock done using /Users/iansmith/.npm/_locks/http-server-ae30c9ae1f4c5eaa.lock for /usr/local/lib/node_modules/http-server
60 verbose stack Error: EACCES: permission denied, unlink '/usr/local/lib/node_modules/http-server/.npmignore'
60 verbose stack     at Error (native)
61 verbose cwd /Users/iansmith/galvanize/week13/1-22/bleu-it
62 error Darwin 15.2.0
63 error argv "/usr/local/Cellar/node/4.2.1/bin/node" "/usr/local/bin/npm" "install" "-g" "http-server"
64 error node v4.2.1
65 error npm  v2.14.7
66 error path /usr/local/lib/node_modules/http-server/.npmignore
67 error code EACCES
68 error errno -13
69 error syscall unlink
70 error Error: EACCES: permission denied, unlink '/usr/local/lib/node_modules/http-server/.npmignore'
70 error     at Error (native)
70 error  { [Error: EACCES: permission denied, unlink '/usr/local/lib/node_modules/http-server/.npmignore']
70 error   errno: -13,
70 error   code: 'EACCES',
70 error   syscall: 'unlink',
70 error   path: '/usr/local/lib/node_modules/http-server/.npmignore' }
71 error Please try running this command again as root/Administrator.
72 verbose exit [ -13, true ]
73 verbose unbuild lib/node_modules/http-server
74 info preuninstall http-server@0.8.5
75 info uninstall http-server@0.8.5
76 verbose unbuild rmStuff http-server@0.8.5 from /usr/local/lib/node_modules
77 silly gentlyRm /usr/local/bin/http-server is being gently removed
78 silly gentlyRm verifying /usr/local is an npm working directory
79 silly gentlyRm /usr/local/bin/hs is being gently removed
80 silly gentlyRm verifying /usr/local is an npm working directory
81 silly gentlyRm containing path /usr/local is under npm's control, in /usr/local
82 silly gentlyRm deletion target /usr/local/bin/http-server is under /usr/local
83 verbose gentlyRm vacuuming from /usr/local/bin/http-server up to /usr/local
84 silly gentlyRm containing path /usr/local is under npm's control, in /usr/local
85 silly gentlyRm deletion target /usr/local/bin/hs is under /usr/local
86 verbose gentlyRm vacuuming from /usr/local/bin/hs up to /usr/local
87 info postuninstall http-server@0.8.5
88 silly gentlyRm /usr/local/lib/node_modules/http-server is being purged from base /usr/local
89 verbose gentlyRm don't care about contents; nuking /usr/local/lib/node_modules/http-server
90 silly vacuum-fs purging /usr/local/lib/node_modules/http-server
91 error error rolling back Error: EACCES: permission denied, unlink '/usr/local/lib/node_modules/http-server/.npmignore'
91 error error rolling back     at Error (native)
91 error error rolling back  { [Error: EACCES: permission denied, unlink '/usr/local/lib/node_modules/http-server/.npmignore']
91 error error rolling back   errno: -13,
91 error error rolling back   code: 'EACCES',
91 error error rolling back   syscall: 'unlink',
91 error error rolling back   path: '/usr/local/lib/node_modules/http-server/.npmignore' }
